<?xml version="1.0" encoding="UTF-8"?>
<!-- Generated by org.testng.reporters.JUnitXMLReporter -->
<testsuite ignored="0" hostname="Sayid" failures="0" tests="21" name="Default test" time="138.348" errors="0" timestamp="16 Oct 2023 14:25:55 GMT">
  <testcase classname="TodoistApp.driver.TodoistAppTest" name="LogIn" time="38.581"/>
  <testcase classname="TodoistApp.driver.TodoistAppTest" name="AddTaskButton" time="5.595"/>
  <testcase classname="TodoistApp.driver.TodoistAppTest" name="TaskNameField" time="2.74"/>
  <testcase classname="TodoistApp.driver.TodoistAppTest" name="TaskDescriptionField" time="3.407"/>
  <testcase classname="TodoistApp.driver.TodoistAppTest" name="SelectDateButton" time="3.226"/>
  <testcase classname="TodoistApp.driver.TodoistAppTest" name="TumorrowButton" time="4.33"/>
  <testcase classname="TodoistApp.driver.TodoistAppTest" name="PriorityButton" time="4.498"/>
  <testcase classname="TodoistApp.driver.TodoistAppTest" name="AddButton" time="2.323"/>
  <testcase classname="TodoistApp.driver.TodoistAppTest" name="InboxButton" time="9.807"/>
  <testcase classname="TodoistApp.driver.TodoistAppTest" name="ThreeDotButton" time="6.749"/>
  <testcase classname="TodoistApp.driver.TodoistAppTest" name="DuplicateTask" time="5.171"/>
  <testcase classname="TodoistApp.driver.TodoistAppTest" name="CompleteTask" time="7.011"/>
  <testcase classname="TodoistApp.driver.TodoistAppTest" name="ThreeDotManuHome" time="3.838"/>
  <testcase classname="TodoistApp.driver.TodoistAppTest" name="ActivityLog" time="7.14"/>
  <testcase classname="TodoistApp.driver.TodoistAppTest" name="BackButton" time="4.204"/>
  <testcase classname="TodoistApp.driver.TodoistAppTest" name="SearchBtn" time="5.21"/>
  <testcase classname="TodoistApp.driver.TodoistAppTest" name="TodayBtn" time="6.908"/>
  <testcase classname="TodoistApp.driver.TodoistAppTest" name="NotificationButton" time="3.256"/>
  <testcase classname="TodoistApp.driver.TodoistAppTest" name="UnreadButton" time="4.334"/>
  <testcase classname="TodoistApp.driver.TodoistAppTest" name="NotificationBackButton" time="4.435"/>
  <testcase classname="TodoistApp.driver.TodoistAppTest" name="Profile" time="2.206"/>
</testsuite> <!-- Default test -->
